Theme Config Path: /docker/home/centerx/themes/sonub/sonub.config.php Theme functions path: /docker/home/centerx/themes/sonub/sonub.functions.php -- start -- boot.code.php:  Sun, 11 Apr 2021 20:26:21 +0900in(); Array
(
)
Theme Config Path: /docker/home/centerx/themes/sonub/sonub.config.php Theme functions path: /docker/home/centerx/themes/sonub/sonub.functions.php -- start -- boot.code.php:  Sun, 11 Apr 2021 20:28:16 +0900in(); Array
(
)
Theme Config Path: /docker/home/centerx/themes/sonub/sonub.config.php Theme functions path: /docker/home/centerx/themes/sonub/sonub.functions.php -- start -- boot.code.php:  Sun, 11 Apr 2021 20:28:20 +0900in(); Array
(
)
Theme Config Path: /docker/home/centerx/themes/sonub/sonub.config.php Theme functions path: /docker/home/centerx/themes/sonub/sonub.functions.php -- start -- boot.code.php:  Sun, 11 Apr 2021 20:28:22 +0900in(); Array
(
)
Theme Config Path: /docker/home/centerx/themes/sonub/sonub.config.php Theme functions path: /docker/home/centerx/themes/sonub/sonub.functions.php -- start -- boot.code.php:  Sun, 11 Apr 2021 20:28:24 +0900in(); Array
(
)
Theme Config Path: /docker/home/centerx/themes/sonub/sonub.config.php Theme functions path: /docker/home/centerx/themes/sonub/sonub.functions.php -- start -- boot.code.php:  Sun, 11 Apr 2021 20:28:48 +0900in(); Array
(
)
Theme Config Path: /docker/home/centerx/themes/sonub/sonub.config.php Theme functions path: /docker/home/centerx/themes/sonub/sonub.functions.php -- start -- boot.code.php:  Sun, 11 Apr 2021 20:28:49 +0900in(); Array
(
)
Theme Config Path: /docker/home/centerx/themes/sonub/sonub.config.php Theme functions path: /docker/home/centerx/themes/sonub/sonub.functions.php -- start -- boot.code.php:  Sun, 11 Apr 2021 20:28:59 +0900in(); Array
(
)
Theme Config Path: /docker/home/centerx/themes/sonub/sonub.config.php Theme functions path: /docker/home/centerx/themes/sonub/sonub.functions.php -- start -- boot.code.php:  Sun, 11 Apr 2021 20:29:11 +0900in(); Array
(
)
Theme Config Path: /docker/home/centerx/themes/sonub/sonub.config.php Theme functions path: /docker/home/centerx/themes/sonub/sonub.functions.php -- start -- boot.code.php:  Sun, 11 Apr 2021 20:29:19 +0900in(); Array
(
)
Theme Config Path: /docker/home/centerx/themes/sonub/sonub.config.php Theme functions path: /docker/home/centerx/themes/sonub/sonub.functions.php -- start -- boot.code.php:  Sun, 11 Apr 2021 20:29:25 +0900in(); Array
(
)
Theme Config Path: /docker/home/centerx/themes/sonub/sonub.config.php Theme functions path: /docker/home/centerx/themes/sonub/sonub.functions.php -- start -- boot.code.php:  Sun, 11 Apr 2021 20:29:28 +0900in(); Array
(
)
Theme Config Path: /docker/home/centerx/themes/sonub/sonub.config.php Theme functions path: /docker/home/centerx/themes/sonub/sonub.functions.php -- start -- boot.code.php:  Sun, 11 Apr 2021 20:29:32 +0900in(); Array
(
)
Theme Config Path: /docker/home/centerx/themes/sonub/sonub.config.php Theme functions path: /docker/home/centerx/themes/sonub/sonub.functions.php -- start -- boot.code.php:  Sun, 11 Apr 2021 20:29:35 +0900in(); Array
(
)
Theme Config Path: /docker/home/centerx/themes/sonub/sonub.config.php Theme functions path: /docker/home/centerx/themes/sonub/sonub.functions.php -- start -- boot.code.php:  Sun, 11 Apr 2021 20:36:18 +0900in(); Array
(
)
Theme Config Path: /docker/home/centerx/themes/sonub/sonub.config.php Theme functions path: /docker/home/centerx/themes/sonub/sonub.functions.php -- start -- boot.code.php:  Sun, 11 Apr 2021 20:36:20 +0900in(); Array
(
    [p] => forum.post.list
    [categoryId] => discussion
)
Theme Config Path: /docker/home/centerx/themes/sonub/sonub.config.php Theme functions path: /docker/home/centerx/themes/sonub/sonub.functions.php -- start -- boot.code.php:  Sun, 11 Apr 2021 20:36:31 +0900in(); Array
(
    [p] => forum.post.list
    [categoryId] => qna
)
Theme Config Path: /docker/home/centerx/themes/sonub/sonub.config.php Theme functions path: /docker/home/centerx/themes/sonub/sonub.functions.php -- start -- boot.code.php:  Sun, 11 Apr 2021 20:36:32 +0900in(); Array
(
    [p] => forum.post.list
    [categoryId] => market
)
Theme Config Path: /docker/home/centerx/themes/sonub/sonub.config.php Theme functions path: /docker/home/centerx/themes/sonub/sonub.functions.php -- start -- boot.code.php:  Sun, 11 Apr 2021 20:36:35 +0900in(); Array
(
    [p] => forum.post.list
    [categoryId] => discussion
)
Theme Config Path: /docker/home/centerx/themes/sonub/sonub.config.php Theme functions path: /docker/home/centerx/themes/sonub/sonub.functions.php -- start -- boot.code.php:  Sun, 11 Apr 2021 20:36:36 +0900in(); Array
(
    [p] => forum.post.edit
    [categoryId] => discussion
)
Theme Config Path: /docker/home/centerx/themes/sonub/sonub.config.php Theme functions path: /docker/home/centerx/themes/sonub/sonub.functions.php -- start -- boot.code.php:  Sun, 11 Apr 2021 20:36:51 +0900in(); Array
(
    [p] => forum.post.edit.submit
    [returnTo] => post
    [files] => 
    [categoryId] => discussion
    [lsub] => 
    [idx] => 0
    [subcategory] => 
    [title] => 반갑습니다. 자유 게시판에 글을 씁니다.
    [content] => 자유게시판에
글을 씁니다.
그럼,

    [userfile] => 
)
db()->insert(table:  wc_postsdb()->insert(record:  Array
(
    [files] => 
    [subcategory] => 
    [title] => 반갑습니다. 자유 게시판에 글을 씁니다.
    [content] => 자유게시판에
글을 씁니다.
그럼,

    [categoryIdx] => 2
    [userIdx] => 1
    [path] => 반갑습니다 -자유-게시판에-글을-씁니다
    [Ymd] => 20210411
    [createdAt] => 1618141011
    [updatedAt] => 1618141011
)
db()->insert(table:  wc_point_historiesdb()->insert(record:  Array
(
    [fromUserIdx] => 0
    [toUserIdx] => 1
    [reason] => POINT_POST_CREATE
    [taxonomy] => posts
    [entity] => 6
    [categoryIdx] => 2
    [fromUserPointApply] => 0
    [fromUserPointAfter] => 0
    [toUserPointApply] => 0
    [toUserPointAfter] => 0
    [createdAt] => 1618141011
    [updatedAt] => 1618141011
)
Theme Config Path: /docker/home/centerx/themes/sonub/sonub.config.php Theme functions path: /docker/home/centerx/themes/sonub/sonub.functions.php -- start -- boot.code.php:  Sun, 11 Apr 2021 20:38:02 +0900in(); Array
(
    [p] => forum.post.edit.submit
    [returnTo] => post
    [files] => 
    [categoryId] => discussion
    [lsub] => 
    [idx] => 0
    [subcategory] => 
    [title] => 반갑습니다. 자유 게시판에 글을 씁니다.
    [content] => 자유게시판에
글을 씁니다.
그럼,

    [userfile] => 
)
db()->insert(table:  wc_postsdb()->insert(record:  Array
(
    [files] => 
    [subcategory] => 
    [title] => 반갑습니다. 자유 게시판에 글을 씁니다.
    [content] => 자유게시판에
글을 씁니다.
그럼,

    [categoryIdx] => 2
    [userIdx] => 1
    [path] => 반갑습니다 -자유-게시판에-글을-씁니다-1
    [Ymd] => 20210411
    [createdAt] => 1618141082
    [updatedAt] => 1618141082
)
db()->insert(table:  wc_point_historiesdb()->insert(record:  Array
(
    [fromUserIdx] => 0
    [toUserIdx] => 1
    [reason] => POINT_POST_CREATE
    [taxonomy] => posts
    [entity] => 7
    [categoryIdx] => 2
    [fromUserPointApply] => 0
    [fromUserPointAfter] => 0
    [toUserPointApply] => 0
    [toUserPointAfter] => 0
    [createdAt] => 1618141082
    [updatedAt] => 1618141082
)
Theme Config Path: /docker/home/centerx/themes/sonub/sonub.config.php Theme functions path: /docker/home/centerx/themes/sonub/sonub.functions.php -- start -- boot.code.php:  Sun, 11 Apr 2021 20:38:04 +0900in(); Array
(
)
Theme Config Path: /docker/home/centerx/themes/sonub/sonub.config.php Theme Config Path: /docker/home/centerx/themes/sonub/sonub.config.php Theme functions path: /docker/home/centerx/themes/sonub/sonub.functions.php Theme functions path: /docker/home/centerx/themes/sonub/sonub.functions.php -- start -- boot.code.php:  Sun, 11 Apr 2021 20:38:04 +0900-- start -- boot.code.php:  Sun, 11 Apr 2021 20:38:04 +0900in(); Array
(
    [sessionId] => 1-cd64df79c6d3512d790d8a85de01636f
    [route] => user.profile
)
in(); Array
(
    [sessionId] => 1-cd64df79c6d3512d790d8a85de01636f
    [route] => app.version
)
Theme Config Path: /docker/home/centerx/themes/sonub/sonub.config.php Theme functions path: /docker/home/centerx/themes/sonub/sonub.functions.php -- start -- boot.code.php:  Sun, 11 Apr 2021 20:38:07 +0900in(); Array
(
    [p] => forum.post.list
    [categoryId] => discussion
)
Theme Config Path: /docker/home/centerx/themes/sonub/sonub.config.php Theme functions path: /docker/home/centerx/themes/sonub/sonub.functions.php -- start -- boot.code.php:  Sun, 11 Apr 2021 20:38:08 +0900in(); Array
(
    [p] => forum.post.edit
    [categoryId] => discussion
)
Theme Config Path: /docker/home/centerx/themes/sonub/sonub.config.php Theme functions path: /docker/home/centerx/themes/sonub/sonub.functions.php -- start -- boot.code.php:  Sun, 11 Apr 2021 20:39:17 +0900in(); Array
(
    [p] => forum.post.edit
    [categoryId] => discussion
)
Theme Config Path: /docker/home/centerx/themes/sonub/sonub.config.php Theme functions path: /docker/home/centerx/themes/sonub/sonub.functions.php -- start -- boot.code.php:  Sun, 11 Apr 2021 20:39:30 +0900in(); Array
(
    [p] => forum.post.edit.submit
    [returnTo] => post
    [files] => 
    [categoryId] => discussion
    [lsub] => 
    [idx] => 0
    [title] => 가나다라 마바사
    [content] => 글을 씁니다.
그럼,

    [userfile] => 
)
db()->insert(table:  wc_postsdb()->insert(record:  Array
(
    [files] => 
    [title] => 가나다라 마바사
    [content] => 글을 씁니다.
그럼,

    [categoryIdx] => 2
    [userIdx] => 1
    [path] => 가나다라-마바사
    [Ymd] => 20210411
    [createdAt] => 1618141170
    [updatedAt] => 1618141170
)
db()->insert(table:  wc_point_historiesdb()->insert(record:  Array
(
    [fromUserIdx] => 0
    [toUserIdx] => 1
    [reason] => POINT_POST_CREATE
    [taxonomy] => posts
    [entity] => 8
    [categoryIdx] => 2
    [fromUserPointApply] => 0
    [fromUserPointAfter] => 0
    [toUserPointApply] => 0
    [toUserPointAfter] => 0
    [createdAt] => 1618141170
    [updatedAt] => 1618141170
)
Theme Config Path: /docker/home/centerx/themes/sonub/sonub.config.php Theme functions path: /docker/home/centerx/themes/sonub/sonub.functions.php -- start -- boot.code.php:  Sun, 11 Apr 2021 20:39:31 +0900in(); Array
(
)
Theme Config Path: /docker/home/centerx/themes/sonub/sonub.config.php Theme Config Path: /docker/home/centerx/themes/sonub/sonub.config.php Theme functions path: /docker/home/centerx/themes/sonub/sonub.functions.php Theme functions path: /docker/home/centerx/themes/sonub/sonub.functions.php -- start -- boot.code.php:  Sun, 11 Apr 2021 20:39:31 +0900-- start -- boot.code.php:  Sun, 11 Apr 2021 20:39:31 +0900in(); Array
(
    [sessionId] => 1-cd64df79c6d3512d790d8a85de01636f
    [route] => user.profile
)
in(); Array
(
    [sessionId] => 1-cd64df79c6d3512d790d8a85de01636f
    [route] => app.version
)
Theme Config Path: /docker/home/centerx/themes/sonub/sonub.config.php Theme functions path: /docker/home/centerx/themes/sonub/sonub.functions.php -- start -- boot.code.php:  Sun, 11 Apr 2021 20:39:33 +0900in(); Array
(
)
Theme Config Path: /docker/home/centerx/themes/sonub/sonub.config.php Theme functions path: /docker/home/centerx/themes/sonub/sonub.functions.php -- start -- boot.code.php:  Sun, 11 Apr 2021 20:40:34 +0900in(); Array
(
)
Theme Config Path: /docker/home/centerx/themes/sonub/sonub.config.php Theme functions path: /docker/home/centerx/themes/sonub/sonub.functions.php -- start -- boot.code.php:  Sun, 11 Apr 2021 20:40:51 +0900in(); Array
(
)
Theme Config Path: /docker/home/centerx/themes/sonub/sonub.config.php Theme functions path: /docker/home/centerx/themes/sonub/sonub.functions.php -- start -- boot.code.php:  Sun, 11 Apr 2021 20:40:53 +0900in(); Array
(
)
Theme Config Path: /docker/home/centerx/themes/sonub/sonub.config.php Theme functions path: /docker/home/centerx/themes/sonub/sonub.functions.php -- start -- boot.code.php:  Sun, 11 Apr 2021 20:42:03 +0900in(); Array
(
)
Theme Config Path: /docker/home/centerx/themes/sonub/sonub.config.php Theme functions path: /docker/home/centerx/themes/sonub/sonub.functions.php -- start -- boot.code.php:  Sun, 11 Apr 2021 20:42:17 +0900in(); Array
(
)
Theme Config Path: /docker/home/centerx/themes/sonub/sonub.config.php Theme functions path: /docker/home/centerx/themes/sonub/sonub.functions.php -- start -- boot.code.php:  Sun, 11 Apr 2021 20:42:26 +0900in(); Array
(
)
Theme Config Path: /docker/home/centerx/themes/sonub/sonub.config.php Theme functions path: /docker/home/centerx/themes/sonub/sonub.functions.php -- start -- boot.code.php:  Sun, 11 Apr 2021 20:42:31 +0900in(); Array
(
)
Theme Config Path: /docker/home/centerx/themes/sonub/sonub.config.php Theme functions path: /docker/home/centerx/themes/sonub/sonub.functions.php -- start -- boot.code.php:  Sun, 11 Apr 2021 20:42:40 +0900in(); Array
(
)
Theme Config Path: /docker/home/centerx/themes/sonub/sonub.config.php Theme functions path: /docker/home/centerx/themes/sonub/sonub.functions.php -- start -- boot.code.php:  Sun, 11 Apr 2021 20:43:56 +0900in(); Array
(
)
Theme Config Path: /docker/home/centerx/themes/sonub/sonub.config.php Theme functions path: /docker/home/centerx/themes/sonub/sonub.functions.php -- start -- boot.code.php:  Sun, 11 Apr 2021 20:44:34 +0900in(); Array
(
)
Theme Config Path: /docker/home/centerx/themes/sonub/sonub.config.php Theme functions path: /docker/home/centerx/themes/sonub/sonub.functions.php -- start -- boot.code.php:  Sun, 11 Apr 2021 20:44:55 +0900in(); Array
(
)
Theme Config Path: /docker/home/centerx/themes/sonub/sonub.config.php Theme functions path: /docker/home/centerx/themes/sonub/sonub.functions.php -- start -- boot.code.php:  Sun, 11 Apr 2021 20:44:58 +0900in(); Array
(
)
Theme Config Path: /docker/home/centerx/themes/sonub/sonub.config.php Theme functions path: /docker/home/centerx/themes/sonub/sonub.functions.php -- start -- boot.code.php:  Sun, 11 Apr 2021 20:45:00 +0900in(); Array
(
)
Theme Config Path: /docker/home/centerx/themes/sonub/sonub.config.php Theme functions path: /docker/home/centerx/themes/sonub/sonub.functions.php -- start -- boot.code.php:  Sun, 11 Apr 2021 20:45:10 +0900in(); Array
(
)
Theme Config Path: /docker/home/centerx/themes/sonub/sonub.config.php Theme functions path: /docker/home/centerx/themes/sonub/sonub.functions.php -- start -- boot.code.php:  Sun, 11 Apr 2021 20:45:39 +0900in(); Array
(
)
Theme Config Path: /docker/home/centerx/themes/sonub/sonub.config.php Theme functions path: /docker/home/centerx/themes/sonub/sonub.functions.php -- start -- boot.code.php:  Sun, 11 Apr 2021 20:45:47 +0900in(); Array
(
)
Theme Config Path: /docker/home/centerx/themes/sonub/sonub.config.php Theme functions path: /docker/home/centerx/themes/sonub/sonub.functions.php -- start -- boot.code.php:  Sun, 11 Apr 2021 20:46:00 +0900in(); Array
(
)
Theme Config Path: /docker/home/centerx/themes/sonub/sonub.config.php Theme functions path: /docker/home/centerx/themes/sonub/sonub.functions.php -- start -- boot.code.php:  Sun, 11 Apr 2021 20:46:13 +0900in(); Array
(
)
Theme Config Path: /docker/home/centerx/themes/sonub/sonub.config.php Theme functions path: /docker/home/centerx/themes/sonub/sonub.functions.php -- start -- boot.code.php:  Sun, 11 Apr 2021 20:46:24 +0900in(); Array
(
)
Theme Config Path: /docker/home/centerx/themes/sonub/sonub.config.php Theme functions path: /docker/home/centerx/themes/sonub/sonub.functions.php -- start -- boot.code.php:  Sun, 11 Apr 2021 20:46:30 +0900in(); Array
(
)
Theme Config Path: /docker/home/centerx/themes/sonub/sonub.config.php Theme functions path: /docker/home/centerx/themes/sonub/sonub.functions.php -- start -- boot.code.php:  Sun, 11 Apr 2021 20:46:42 +0900in(); Array
(
)
Theme Config Path: /docker/home/centerx/themes/sonub/sonub.config.php Theme functions path: /docker/home/centerx/themes/sonub/sonub.functions.php -- start -- boot.code.php:  Sun, 11 Apr 2021 20:46:46 +0900in(); Array
(
)
Theme Config Path: /docker/home/centerx/themes/sonub/sonub.config.php Theme functions path: /docker/home/centerx/themes/sonub/sonub.functions.php -- start -- boot.code.php:  Sun, 11 Apr 2021 20:46:52 +0900in(); Array
(
)
Theme Config Path: /docker/home/centerx/themes/sonub/sonub.config.php Theme functions path: /docker/home/centerx/themes/sonub/sonub.functions.php -- start -- boot.code.php:  Sun, 11 Apr 2021 20:47:03 +0900in(); Array
(
)
Theme Config Path: /docker/home/centerx/themes/sonub/sonub.config.php Theme functions path: /docker/home/centerx/themes/sonub/sonub.functions.php -- start -- boot.code.php:  Sun, 11 Apr 2021 20:47:06 +0900in(); Array
(
)
Theme Config Path: /docker/home/centerx/themes/sonub/sonub.config.php Theme functions path: /docker/home/centerx/themes/sonub/sonub.functions.php -- start -- boot.code.php:  Sun, 11 Apr 2021 20:47:16 +0900in(); Array
(
)
Theme Config Path: /docker/home/centerx/themes/sonub/sonub.config.php Theme functions path: /docker/home/centerx/themes/sonub/sonub.functions.php -- start -- boot.code.php:  Sun, 11 Apr 2021 20:47:19 +0900in(); Array
(
)
Theme Config Path: /docker/home/centerx/themes/sonub/sonub.config.php Theme functions path: /docker/home/centerx/themes/sonub/sonub.functions.php -- start -- boot.code.php:  Sun, 11 Apr 2021 20:47:39 +0900in(); Array
(
)
Theme Config Path: /docker/home/centerx/themes/sonub/sonub.config.php Theme functions path: /docker/home/centerx/themes/sonub/sonub.functions.php -- start -- boot.code.php:  Sun, 11 Apr 2021 20:47:40 +0900in(); Array
(
)
Theme Config Path: /docker/home/centerx/themes/sonub/sonub.config.php Theme functions path: /docker/home/centerx/themes/sonub/sonub.functions.php -- start -- boot.code.php:  Sun, 11 Apr 2021 20:47:45 +0900in(); Array
(
)
Theme Config Path: /docker/home/centerx/themes/default/default.config.php Theme functions path: /docker/home/centerx/themes/default/default.functions.php -- start -- boot.code.php:  Sun, 11 Apr 2021 20:50:08 +0900in(); Array
(
)
Theme Config Path: /docker/home/centerx/themes/default/default.config.php Theme functions path: /docker/home/centerx/themes/default/default.functions.php -- start -- boot.code.php:  Sun, 11 Apr 2021 20:50:09 +0900in(); Array
(
)
Theme Config Path: /docker/home/centerx/themes/sonub/sonub.config.php Theme functions path: /docker/home/centerx/themes/sonub/sonub.functions.php -- start -- boot.code.php:  Sun, 11 Apr 2021 21:25:53 +0900in(); Array
(
)
Theme Config Path: /docker/home/centerx/themes/sonub/sonub.config.php Theme functions path: /docker/home/centerx/themes/sonub/sonub.functions.php -- start -- boot.code.php:  Sun, 11 Apr 2021 21:26:36 +0900in(); Array
(
)
Theme Config Path: /docker/home/centerx/themes/sonub/sonub.config.php Theme functions path: /docker/home/centerx/themes/sonub/sonub.functions.php -- start -- boot.code.php:  Sun, 11 Apr 2021 21:27:46 +0900in(); Array
(
)
Theme Config Path: /docker/home/centerx/themes/sonub/sonub.config.php Theme functions path: /docker/home/centerx/themes/sonub/sonub.functions.php -- start -- boot.code.php:  Sun, 11 Apr 2021 21:27:56 +0900in(); Array
(
)
Theme Config Path: /docker/home/centerx/themes/sonub/sonub.config.php Theme functions path: /docker/home/centerx/themes/sonub/sonub.functions.php -- start -- boot.code.php:  Sun, 11 Apr 2021 21:27:57 +0900in(); Array
(
)
Theme Config Path: /docker/home/centerx/themes/sonub/sonub.config.php Theme functions path: /docker/home/centerx/themes/sonub/sonub.functions.php -- start -- boot.code.php:  Sun, 11 Apr 2021 21:28:14 +0900in(); Array
(
)
Theme Config Path: /docker/home/centerx/themes/sonub/sonub.config.php Theme functions path: /docker/home/centerx/themes/sonub/sonub.functions.php -- start -- boot.code.php:  Sun, 11 Apr 2021 21:29:04 +0900in(); Array
(
)
Theme Config Path: /docker/home/centerx/themes/sonub/sonub.config.php Theme functions path: /docker/home/centerx/themes/sonub/sonub.functions.php -- start -- boot.code.php:  Sun, 11 Apr 2021 21:29:18 +0900in(); Array
(
)
Theme Config Path: /docker/home/centerx/themes/sonub/sonub.config.php Theme functions path: /docker/home/centerx/themes/sonub/sonub.functions.php -- start -- boot.code.php:  Sun, 11 Apr 2021 21:29:18 +0900in(); Array
(
)
Theme Config Path: /docker/home/centerx/themes/sonub/sonub.config.php Theme functions path: /docker/home/centerx/themes/sonub/sonub.functions.php -- start -- boot.code.php:  Sun, 11 Apr 2021 21:29:20 +0900in(); Array
(
)
Theme Config Path: /docker/home/centerx/themes/sonub/sonub.config.php Theme functions path: /docker/home/centerx/themes/sonub/sonub.functions.php -- start -- boot.code.php:  Sun, 11 Apr 2021 21:29:42 +0900in(); Array
(
)
Theme Config Path: /docker/home/centerx/themes/sonub/sonub.config.php Theme functions path: /docker/home/centerx/themes/sonub/sonub.functions.php -- start -- boot.code.php:  Sun, 11 Apr 2021 21:31:14 +0900in(); Array
(
)
Theme Config Path: /docker/home/centerx/themes/sonub/sonub.config.php Theme functions path: /docker/home/centerx/themes/sonub/sonub.functions.php -- start -- boot.code.php:  Sun, 11 Apr 2021 21:31:23 +0900in(); Array
(
)
Theme Config Path: /docker/home/centerx/themes/sonub/sonub.config.php Theme functions path: /docker/home/centerx/themes/sonub/sonub.functions.php -- start -- boot.code.php:  Sun, 11 Apr 2021 21:32:05 +0900in(); Array
(
)
Theme Config Path: /docker/home/centerx/themes/sonub/sonub.config.php Theme functions path: /docker/home/centerx/themes/sonub/sonub.functions.php -- start -- boot.code.php:  Sun, 11 Apr 2021 21:32:41 +0900in(); Array
(
)
Theme Config Path: /docker/home/centerx/themes/sonub/sonub.config.php Theme functions path: /docker/home/centerx/themes/sonub/sonub.functions.php -- start -- boot.code.php:  Sun, 11 Apr 2021 21:32:48 +0900in(); Array
(
)
Theme Config Path: /docker/home/centerx/themes/sonub/sonub.config.php Theme functions path: /docker/home/centerx/themes/sonub/sonub.functions.php -- start -- boot.code.php:  Sun, 11 Apr 2021 21:32:58 +0900in(); Array
(
)
Theme Config Path: /docker/home/centerx/themes/sonub/sonub.config.php Theme functions path: /docker/home/centerx/themes/sonub/sonub.functions.php -- start -- boot.code.php:  Sun, 11 Apr 2021 21:33:30 +0900in(); Array
(
)
Theme Config Path: /docker/home/centerx/themes/sonub/sonub.config.php Theme functions path: /docker/home/centerx/themes/sonub/sonub.functions.php -- start -- boot.code.php:  Sun, 11 Apr 2021 21:33:48 +0900in(); Array
(
)
Theme Config Path: /docker/home/centerx/themes/sonub/sonub.config.php Theme functions path: /docker/home/centerx/themes/sonub/sonub.functions.php -- start -- boot.code.php:  Sun, 11 Apr 2021 21:33:48 +0900in(); Array
(
)
Theme Config Path: /docker/home/centerx/themes/sonub/sonub.config.php Theme functions path: /docker/home/centerx/themes/sonub/sonub.functions.php -- start -- boot.code.php:  Sun, 11 Apr 2021 21:33:58 +0900in(); Array
(
)
Theme Config Path: /docker/home/centerx/themes/sonub/sonub.config.php Theme functions path: /docker/home/centerx/themes/sonub/sonub.functions.php -- start -- boot.code.php:  Sun, 11 Apr 2021 21:34:32 +0900in(); Array
(
)
Theme Config Path: /docker/home/centerx/themes/default/default.config.php Theme functions path: /docker/home/centerx/themes/default/default.functions.php -- start -- boot.code.php:  Sun, 11 Apr 2021 21:34:54 +0900in(); Array
(
)
Theme Config Path: /docker/home/centerx/themes/default/default.config.php Theme functions path: /docker/home/centerx/themes/default/default.functions.php -- start -- boot.code.php:  Sun, 11 Apr 2021 21:34:55 +0900in(); Array
(
)
Theme Config Path: /docker/home/centerx/themes/default/default.config.php Theme functions path: /docker/home/centerx/themes/default/default.functions.php -- start -- boot.code.php:  Sun, 11 Apr 2021 21:34:57 +0900in(); Array
(
)
Theme Config Path: /docker/home/centerx/themes/default/default.config.php Theme functions path: /docker/home/centerx/themes/default/default.functions.php -- start -- boot.code.php:  Sun, 11 Apr 2021 21:34:58 +0900in(); Array
(
)
Theme Config Path: /docker/home/centerx/themes/sonub/sonub.config.php Theme functions path: /docker/home/centerx/themes/sonub/sonub.functions.php -- start -- boot.code.php:  Sun, 11 Apr 2021 21:35:28 +0900in(); Array
(
)
Theme Config Path: /docker/home/centerx/themes/sonub/sonub.config.php Theme functions path: /docker/home/centerx/themes/sonub/sonub.functions.php -- start -- boot.code.php:  Sun, 11 Apr 2021 21:35:41 +0900in(); Array
(
)
Theme Config Path: /docker/home/centerx/themes/sonub/sonub.config.php Theme functions path: /docker/home/centerx/themes/sonub/sonub.functions.php -- start -- boot.code.php:  Sun, 11 Apr 2021 21:35:48 +0900in(); Array
(
)
Theme Config Path: /docker/home/centerx/themes/sonub/sonub.config.php Theme functions path: /docker/home/centerx/themes/sonub/sonub.functions.php -- start -- boot.code.php:  Sun, 11 Apr 2021 21:35:54 +0900in(); Array
(
)
Theme Config Path: /docker/home/centerx/themes/sonub/sonub.config.php Theme functions path: /docker/home/centerx/themes/sonub/sonub.functions.php -- start -- boot.code.php:  Sun, 11 Apr 2021 21:35:59 +0900in(); Array
(
)
Theme Config Path: /docker/home/centerx/themes/sonub/sonub.config.php Theme functions path: /docker/home/centerx/themes/sonub/sonub.functions.php -- start -- boot.code.php:  Sun, 11 Apr 2021 21:36:04 +0900in(); Array
(
)
Theme Config Path: /docker/home/centerx/themes/sonub/sonub.config.php Theme functions path: /docker/home/centerx/themes/sonub/sonub.functions.php -- start -- boot.code.php:  Sun, 11 Apr 2021 21:40:24 +0900in(); Array
(
)
Theme Config Path: /docker/home/centerx/themes/sonub/sonub.config.php Theme functions path: /docker/home/centerx/themes/sonub/sonub.functions.php -- start -- boot.code.php:  Sun, 11 Apr 2021 21:40:49 +0900in(); Array
(
)
Theme Config Path: /docker/home/centerx/themes/sonub/sonub.config.php Theme functions path: /docker/home/centerx/themes/sonub/sonub.functions.php -- start -- boot.code.php:  Sun, 11 Apr 2021 21:41:03 +0900in(); Array
(
)
Theme Config Path: /docker/home/centerx/themes/sonub/sonub.config.php Theme functions path: /docker/home/centerx/themes/sonub/sonub.functions.php -- start -- boot.code.php:  Sun, 11 Apr 2021 21:44:12 +0900in(); Array
(
)
Theme Config Path: /docker/home/centerx/themes/sonub/sonub.config.php Theme functions path: /docker/home/centerx/themes/sonub/sonub.functions.php -- start -- boot.code.php:  Sun, 11 Apr 2021 21:45:42 +0900in(); Array
(
)
Theme Config Path: /docker/home/centerx/themes/sonub/sonub.config.php Theme functions path: /docker/home/centerx/themes/sonub/sonub.functions.php -- start -- boot.code.php:  Sun, 11 Apr 2021 21:46:04 +0900in(); Array
(
)
Theme Config Path: /docker/home/centerx/themes/sonub/sonub.config.php Theme functions path: /docker/home/centerx/themes/sonub/sonub.functions.php -- start -- boot.code.php:  Sun, 11 Apr 2021 21:46:13 +0900in(); Array
(
)
Theme Config Path: /docker/home/centerx/themes/sonub/sonub.config.php Theme functions path: /docker/home/centerx/themes/sonub/sonub.functions.php -- start -- boot.code.php:  Sun, 11 Apr 2021 21:47:12 +0900in(); Array
(
)
Theme Config Path: /docker/home/centerx/themes/sonub/sonub.config.php Theme functions path: /docker/home/centerx/themes/sonub/sonub.functions.php -- start -- boot.code.php:  Sun, 11 Apr 2021 21:48:46 +0900in(); Array
(
)
Theme Config Path: /docker/home/centerx/themes/sonub/sonub.config.php Theme functions path: /docker/home/centerx/themes/sonub/sonub.functions.php -- start -- boot.code.php:  Sun, 11 Apr 2021 21:51:28 +0900in(); Array
(
)
Theme Config Path: /docker/home/centerx/themes/sonub/sonub.config.php Theme functions path: /docker/home/centerx/themes/sonub/sonub.functions.php -- start -- boot.code.php:  Sun, 11 Apr 2021 21:52:15 +0900in(); Array
(
)
Theme Config Path: /docker/home/centerx/themes/sonub/sonub.config.php Theme functions path: /docker/home/centerx/themes/sonub/sonub.functions.php -- start -- boot.code.php:  Sun, 11 Apr 2021 21:52:31 +0900in(); Array
(
)
Theme Config Path: /docker/home/centerx/themes/sonub/sonub.config.php Theme functions path: /docker/home/centerx/themes/sonub/sonub.functions.php -- start -- boot.code.php:  Sun, 11 Apr 2021 21:53:15 +0900in(); Array
(
)
Theme Config Path: /docker/home/centerx/themes/sonub/sonub.config.php Theme functions path: /docker/home/centerx/themes/sonub/sonub.functions.php -- start -- boot.code.php:  Sun, 11 Apr 2021 21:53:47 +0900in(); Array
(
)
Theme Config Path: /docker/home/centerx/themes/sonub/sonub.config.php Theme functions path: /docker/home/centerx/themes/sonub/sonub.functions.php -- start -- boot.code.php:  Sun, 11 Apr 2021 21:54:27 +0900in(); Array
(
)
Theme Config Path: /docker/home/centerx/themes/sonub/sonub.config.php Theme functions path: /docker/home/centerx/themes/sonub/sonub.functions.php -- start -- boot.code.php:  Sun, 11 Apr 2021 21:55:12 +0900in(); Array
(
)
Theme Config Path: /docker/home/centerx/themes/sonub/sonub.config.php Theme functions path: /docker/home/centerx/themes/sonub/sonub.functions.php -- start -- boot.code.php:  Sun, 11 Apr 2021 21:55:19 +0900in(); Array
(
)
Theme Config Path: /docker/home/centerx/themes/sonub/sonub.config.php Theme functions path: /docker/home/centerx/themes/sonub/sonub.functions.php -- start -- boot.code.php:  Sun, 11 Apr 2021 21:56:17 +0900in(); Array
(
)
